<?xml version="1.0" encoding="UTF-8"?>
<!-- Generated by org.testng.reporters.JUnitReportReporter -->
<testsuite hostname="DESKTOP-0AE2I98" failures="0" tests="1" name="testNGPackage.Sumo" time="25.332" errors="0" timestamp="2023-07-17T14:41:16 IST" skipped="0">
  <testcase classname="testNGPackage.Sumo" name="method3" time="25.332">
    <system-out>
      <![CDATA[This is Sumo TestNG class]]>
    </system-out>
  </testcase> <!-- method3 -->
  <system-out>
    <![CDATA[This is Demo TestNG class
This is Remo TestNG class
This is Sumo TestNG class]]>
  </system-out>
</testsuite> <!-- testNGPackage.Sumo -->
