<?xml version="1.0" encoding="UTF-8"?>
<!-- Generated by org.testng.reporters.JUnitReportReporter -->
<testsuite hostname="DESKTOP-0AE2I98" failures="0" tests="1" name="testNGExecution.Test1" time="88.780" errors="0" timestamp="2023-07-18T14:56:10 IST" skipped="0">
  <testcase classname="testNGExecution.Test1" name="Test1Method" time="88.780"/>
</testsuite> <!-- testNGExecution.Test1 -->
