<?xml version="1.0" encoding="UTF-8"?>
<!-- Generated by org.testng.reporters.JUnitReportReporter -->
<testsuite hostname="DESKTOP-0AE2I98" failures="0" tests="2" name="testNGPack2.Demo1" time="0.017" errors="0" timestamp="2023-07-17T15:22:57 IST" skipped="0">
  <testcase classname="testNGPack2.Demo1" name="method1" time="0.014">
    <system-out>
      <![CDATA[This is Method1]]>
    </system-out>
  </testcase> <!-- method1 -->
  <testcase classname="testNGPack2.Demo1" name="method2" time="0.003">
    <system-out>
      <![CDATA[This is Method2]]>
    </system-out>
  </testcase> <!-- method2 -->
  <system-out>
    <![CDATA[This is Method1
This is Method2
This is Method3
This is Method4
This is Method5
This is Method6]]>
  </system-out>
</testsuite> <!-- testNGPack2.Demo1 -->
