<?xml version="1.0" encoding="UTF-8"?>
<!-- Generated by org.testng.reporters.JUnitReportReporter -->
<testsuite hostname="DESKTOP-0AE2I98" failures="0" tests="1" name="testNGExecution.Test3" time="126.365" errors="0" timestamp="2023-07-18T14:56:10 IST" skipped="0">
  <testcase classname="testNGExecution.Test3" name="Test3Method" time="126.365"/>
</testsuite> <!-- testNGExecution.Test3 -->
