<?xml version="1.0" encoding="UTF-8"?>
<!-- Generated by org.testng.reporters.JUnitReportReporter -->
<testsuite hostname="DESKTOP-0AE2I98" failures="0" tests="1" name="testNGPackage.Remo" time="39.646" errors="0" timestamp="2023-07-17T14:41:16 IST" skipped="0">
  <testcase classname="testNGPackage.Remo" name="method2" time="39.646">
    <system-out>
      <![CDATA[This is Remo TestNG class]]>
    </system-out>
  </testcase> <!-- method2 -->
  <system-out>
    <![CDATA[This is Demo TestNG class
This is Remo TestNG class
This is Sumo TestNG class]]>
  </system-out>
</testsuite> <!-- testNGPackage.Remo -->
