<?xml version="1.0" encoding="UTF-8"?>
<!-- Generated by org.testng.reporters.JUnitReportReporter -->
<testsuite hostname="DESKTOP-0AE2I98" failures="0" tests="6" name="testNGAnnotation_Flags.Flag6" time="0.110" errors="0" timestamp="2023-07-25T20:47:47 IST" skipped="0">
  <testcase classname="testNGAnnotation_Flags.Flag6" name="st6" time="0.011">
    <system-out>
      <![CDATA[STC6]]>
    </system-out>
  </testcase> <!-- st6 -->
  <testcase classname="testNGAnnotation_Flags.Flag6" name="st5" time="0.006">
    <system-out>
      <![CDATA[STC5]]>
    </system-out>
  </testcase> <!-- st5 -->
  <testcase classname="testNGAnnotation_Flags.Flag6" name="st3" time="0.032">
    <system-out>
      <![CDATA[STC3]]>
    </system-out>
  </testcase> <!-- st3 -->
  <testcase classname="testNGAnnotation_Flags.Flag6" name="st1" time="0.030">
    <system-out>
      <![CDATA[STC1]]>
    </system-out>
  </testcase> <!-- st1 -->
  <testcase classname="testNGAnnotation_Flags.Flag6" name="st4" time="0.005">
    <system-out>
      <![CDATA[STC4]]>
    </system-out>
  </testcase> <!-- st4 -->
  <testcase classname="testNGAnnotation_Flags.Flag6" name="st2" time="0.026">
    <system-out>
      <![CDATA[STC2]]>
    </system-out>
  </testcase> <!-- st2 -->
  <system-out>
    <![CDATA[STC1
STC2
STC3
STC4
STC5
STC6]]>
  </system-out>
</testsuite> <!-- testNGAnnotation_Flags.Flag6 -->
