<?xml version="1.0" encoding="UTF-8"?>
<!-- Generated by org.testng.reporters.JUnitReportReporter -->
<testsuite hostname="DESKTOP-0AE2I98" failures="0" tests="2" name="testNGPack2.Demo3" time="0.006" errors="0" timestamp="2023-07-17T15:22:57 IST" skipped="0">
  <testcase classname="testNGPack2.Demo3" name="method6" time="0.003">
    <system-out>
      <![CDATA[This is Method6]]>
    </system-out>
  </testcase> <!-- method6 -->
  <testcase classname="testNGPack2.Demo3" name="method5" time="0.003">
    <system-out>
      <![CDATA[This is Method5]]>
    </system-out>
  </testcase> <!-- method5 -->
  <system-out>
    <![CDATA[This is Method1
This is Method2
This is Method3
This is Method4
This is Method5
This is Method6]]>
  </system-out>
</testsuite> <!-- testNGPack2.Demo3 -->
