<?xml version="1.0" encoding="UTF-8"?>
<!-- Generated by org.testng.reporters.JUnitReportReporter -->
<testsuite hostname="DESKTOP-0AE2I98" failures="0" tests="1" name="testNGAnnotation_Flags.GoogleSearchTestCase" time="9.044" errors="0" timestamp="2023-07-20T14:59:29 IST" skipped="0">
  <testcase classname="testNGAnnotation_Flags.GoogleSearchTestCase" name="saerch2" time="9.044"/>
</testsuite> <!-- testNGAnnotation_Flags.GoogleSearchTestCase -->
