<?xml version="1.0" encoding="UTF-8"?>
<!-- Generated by org.testng.reporters.JUnitReportReporter -->
<testsuite hostname="DESKTOP-0AE2I98" failures="0" tests="1" name="testNGExecution.Test2" time="50.273" errors="0" timestamp="2023-07-18T14:56:10 IST" skipped="0">
  <testcase classname="testNGExecution.Test2" name="Test2Method" time="50.273"/>
</testsuite> <!-- testNGExecution.Test2 -->
