<?xml version="1.0" encoding="UTF-8"?>
<!-- Generated by org.testng.reporters.JUnitReportReporter -->
<testsuite hostname="DESKTOP-0AE2I98" failures="0" tests="2" name="testNGExecution.TestMethod1" time="0.072" errors="0" timestamp="2023-07-18T15:16:26 IST" skipped="0">
  <testcase classname="testNGExecution.TestMethod1" name="testMethod2" time="0.039">
    <system-out>
      <![CDATA[thread id of testMethod1 :20]]>
    </system-out>
  </testcase> <!-- testMethod2 -->
  <testcase classname="testNGExecution.TestMethod1" name="testMethod1" time="0.033">
    <system-out>
      <![CDATA[thread id of testMethod1 :19]]>
    </system-out>
  </testcase> <!-- testMethod1 -->
  <system-out>
    <![CDATA[thread id of testMethod1 :23
thread id of testMethod1 :22
thread id of testMethod1 :19
thread id of testMethod1 :21
thread id of testMethod1 :20
thread id of testMethod1 :23]]>
  </system-out>
</testsuite> <!-- testNGExecution.TestMethod1 -->
